[07-21-2024 15:17:12] ### [GENERAL] Application started.
[07-21-2024 15:17:12] ### [GENERAL] Data directory verified/created successfully.
[07-21-2024 15:17:24] ### [GENERAL] Invalid choice in main menu: s
[07-21-2024 15:17:46] ### [GENERAL] User menu accessed by: s@g.com
[07-21-2024 15:18:01] ### [GENERAL] Database created successfully: test1
[07-21-2024 15:18:07] ### [GENERAL] Invalid choice in user menu by: s@g.com
[07-21-2024 15:18:21] ### [GENERAL] Database found: test1
[07-21-2024 15:19:05] ### [GENERAL] Invalid CREATE TABLE query: create table student(id int , name varchar)
[07-21-2024 15:19:32] ### [GENERAL] Table directory created successfully: /Users/shifamirza/Dal/csci_5408_s24_4/databases/test1/student
[07-21-2024 15:19:32] ### [GENERAL] Metadata file created successfully: /Users/shifamirza/Dal/csci_5408_s24_4/databases/test1/student/metadata.txt
[07-21-2024 15:19:32] ### [GENERAL] Data file created successfully: /Users/shifamirza/Dal/csci_5408_s24_4/databases/test1/student/data.txt
[07-21-2024 15:19:32] ### [GENERAL] Table created successfully: student
[07-21-2024 15:20:33] ### [GENERAL] Invalid choice in user menu by: s@g.com
[07-21-2024 15:27:20] ### [GENERAL] Application started.
[07-21-2024 15:27:20] ### [GENERAL] Data directory verified/created successfully.
[07-21-2024 15:27:35] ### [GENERAL] Invalid choice in main menu: s2
[07-21-2024 15:27:46] ### [GENERAL] Invalid choice in main menu: 21
[07-21-2024 15:27:53] ### [GENERAL] User menu accessed by: s@g.com
[07-21-2024 15:28:00] ### [GENERAL] Database found: test1
[07-21-2024 15:28:16] ### [GENERAL] Table directory created successfully: /Users/shifamirza/Dal/csci_5408_s24_4/databases/test1/student
[07-21-2024 15:28:16] ### [GENERAL] Metadata file created successfully: /Users/shifamirza/Dal/csci_5408_s24_4/databases/test1/student/metadata.txt
[07-21-2024 15:28:16] ### [GENERAL] Data file created successfully: /Users/shifamirza/Dal/csci_5408_s24_4/databases/test1/student/data.txt
[07-21-2024 15:28:50] ### [GENERAL] Database found: test1
[07-21-2024 15:29:06] ### [GENERAL] Table directory created successfully: /Users/shifamirza/Dal/csci_5408_s24_4/databases/test1/student
[07-21-2024 15:29:06] ### [GENERAL] Metadata file created successfully: /Users/shifamirza/Dal/csci_5408_s24_4/databases/test1/student/metadata.txt
[07-21-2024 15:29:06] ### [GENERAL] Data file created successfully: /Users/shifamirza/Dal/csci_5408_s24_4/databases/test1/student/data.txt
[07-21-2024 15:29:06] ### [GENERAL] Table created successfully: student
[07-21-2024 16:16:37] ### [GENERAL] Application started.
[07-21-2024 16:16:37] ### [GENERAL] Data directory verified/created successfully.
[07-21-2024 16:16:54] ### [GENERAL] User menu accessed by: s@g.com
[07-21-2024 18:33:26] ### [GENERAL] Application started.
[07-21-2024 18:33:26] ### [GENERAL] Data directory verified/created successfully.
[07-21-2024 18:35:37] ### [GENERAL] Application started.
[07-21-2024 18:35:37] ### [GENERAL] Data directory verified/created successfully.
[07-21-2024 18:35:46] ### [GENERAL] User menu accessed by: s@g.com
[07-21-2024 18:35:52] ### [GENERAL] Unsupported query type: s
[07-21-2024 18:37:07] ### [GENERAL] No databases present in directory: /Users/shifamirza/Dal/csci_5408_s24_4/databases
[07-21-2024 18:37:16] ### [GENERAL] Invalid choice in user menu by: s@g.com
[07-21-2024 18:37:24] ### [GENERAL] Database created successfully: test1
[07-21-2024 18:38:09] ### [GENERAL] Database found: test1
[07-21-2024 18:38:53] ### [GENERAL] Application started.
[07-21-2024 18:38:53] ### [GENERAL] Data directory verified/created successfully.
[07-21-2024 18:39:03] ### [GENERAL] User menu accessed by: s@g.com
[07-21-2024 18:39:07] ### [GENERAL] Database found: test1
[07-21-2024 18:39:40] ### [GENERAL] Table directory created successfully: /Users/shifamirza/Dal/csci_5408_s24_4/databases/test1/student
[07-21-2024 18:39:40] ### [GENERAL] Metadata file created successfully: /Users/shifamirza/Dal/csci_5408_s24_4/databases/test1/student/metadata.txt
[07-21-2024 18:39:40] ### [GENERAL] Data file created successfully: /Users/shifamirza/Dal/csci_5408_s24_4/databases/test1/student/data.txt
[07-21-2024 18:39:40] ### [GENERAL] Table created successfully: student
[07-21-2024 18:40:09] ### [GENERAL] Table directory created successfully: /Users/shifamirza/Dal/csci_5408_s24_4/databases/test1/professor
[07-21-2024 18:40:09] ### [GENERAL] Metadata file created successfully: /Users/shifamirza/Dal/csci_5408_s24_4/databases/test1/professor/metadata.txt
[07-21-2024 18:40:09] ### [GENERAL] Data file created successfully: /Users/shifamirza/Dal/csci_5408_s24_4/databases/test1/professor/data.txt
[07-21-2024 18:40:09] ### [GENERAL] Table created successfully: professor
[07-21-2024 18:40:19] ### [GENERAL] User logged out: s@g.com
[07-21-2024 18:40:23] ### [GENERAL] Exiting program.
[07-21-2024 18:42:09] ### [GENERAL] Application started.
[07-21-2024 18:42:09] ### [GENERAL] Data directory verified/created successfully.
[07-21-2024 18:42:18] ### [GENERAL] User menu accessed by: s@g.com
[07-21-2024 18:43:14] ### [GENERAL] Application started.
[07-21-2024 18:43:14] ### [GENERAL] Data directory verified/created successfully.
[07-21-2024 18:43:26] ### [GENERAL] User menu accessed by: s@g.com
[07-21-2024 18:43:35] ### [GENERAL] Database found: test1
[07-21-2024 18:44:14] ### [GENERAL] Primary key column not provided in insert query: insert into student (1,'S')
[07-21-2024 18:44:41] ### [GENERAL] Primary key column not provided in insert query: insert into student (1 pk,'S')
[07-21-2024 18:46:19] ### [GENERAL] Primary key column not provided in insert query: insert into student (id int,varchar) values (1,'s')
[07-21-2024 18:46:39] ### [GENERAL] Primary key column not provided in insert query: insert into student (id int pk,varchar) values (1,'s')
[07-21-2024 18:52:44] ### [GENERAL] Application started.
[07-21-2024 18:52:44] ### [GENERAL] Data directory verified/created successfully.
[07-21-2024 18:52:53] ### [GENERAL] User menu accessed by: s@g.com
[07-21-2024 18:52:59] ### [GENERAL] Database found: test1
[07-21-2024 18:59:43] ### [GENERAL] Duplicate primary key value found: 1
[07-21-2024 19:00:39] ### [GENERAL] Unsupported query type:  create table student (id int pk,name varchar)
[07-21-2024 19:02:07] ### [GENERAL] Invalid choice in user menu by: s@g.com
[07-21-2024 19:40:39] ### [GENERAL] Application started.
[07-21-2024 19:40:39] ### [GENERAL] Data directory verified/created successfully.
[07-21-2024 19:41:02] ### [GENERAL] User menu accessed by: s@g.com
[07-21-2024 19:41:13] ### [GENERAL] Database found: test1
[07-21-2024 19:41:51] ### [GENERAL] Database found: test1
[07-21-2024 19:42:38] ### [GENERAL] User logged out: s@g.com
[07-21-2024 19:42:39] ### [GENERAL] Exiting program.
[07-21-2024 19:51:53] ### [GENERAL] Application started.
[07-21-2024 19:51:53] ### [GENERAL] Data directory verified/created successfully.
[07-21-2024 19:52:08] ### [GENERAL] User menu accessed by: s@g.com
[07-21-2024 19:52:36] ### [GENERAL] Database found: test1
[07-21-2024 19:53:13] ### [GENERAL] Invalid choice in user menu by: s@g.com
[07-21-2024 19:53:34] ### [GENERAL] User logged out: s@g.com
[07-21-2024 19:53:34] ### [GENERAL] Exiting program.
[07-21-2024 19:57:00] ### [GENERAL] Application started.
[07-21-2024 19:57:00] ### [GENERAL] Data directory verified/created successfully.
[07-21-2024 19:57:13] ### [GENERAL] User menu accessed by: s@g.com
[07-21-2024 19:57:17] ### [GENERAL] Database found: test1
[07-21-2024 19:58:13] ### [GENERAL] User logged out: s@g.com
[07-21-2024 19:58:14] ### [GENERAL] Exiting program.
[07-21-2024 20:04:19] ### [GENERAL] Application started.
[07-21-2024 20:04:19] ### [GENERAL] Data directory verified/created successfully.
[07-21-2024 20:04:28] ### [GENERAL] User menu accessed by: s@g.com
[07-21-2024 20:04:33] ### [GENERAL] Database found: test1
[07-21-2024 20:05:14] ### [GENERAL] User logged out: s@g.com
[07-21-2024 20:05:14] ### [GENERAL] Exiting program.
[07-21-2024 20:13:53] ### [GENERAL] Application started.
[07-21-2024 20:13:53] ### [GENERAL] Data directory verified/created successfully.
[07-21-2024 20:14:00] ### [GENERAL] User menu accessed by: s@g.com
[07-21-2024 20:14:02] ### [GENERAL] Invalid choice in user menu by: s@g.com
[07-21-2024 20:14:27] ### [GENERAL] No database selected
[07-21-2024 20:14:32] ### [GENERAL] Invalid choice in user menu by: s@g.com
[07-21-2024 20:14:43] ### [GENERAL] Invalid choice in user menu by: s@g.com
[07-21-2024 20:14:49] ### [GENERAL] No database selected
[07-21-2024 20:14:54] ### [GENERAL] Invalid choice in user menu by: s@g.com
[07-21-2024 20:15:00] ### [GENERAL] No database selected
[07-21-2024 20:15:04] ### [GENERAL] Application started.
[07-21-2024 20:15:04] ### [GENERAL] Data directory verified/created successfully.
[07-21-2024 20:15:12] ### [GENERAL] User menu accessed by: s@g.com
[07-21-2024 20:15:17] ### [GENERAL] Database found: test1
[07-21-2024 20:33:02] ### [GENERAL] Application started.
[07-21-2024 20:33:02] ### [GENERAL] Data directory verified/created successfully.
[07-21-2024 20:33:26] ### [GENERAL] User menu accessed by: s@g.com
[07-21-2024 20:33:38] ### [GENERAL] Application started.
[07-21-2024 20:33:38] ### [GENERAL] Data directory verified/created successfully.
[07-21-2024 20:33:47] ### [GENERAL] User menu accessed by: s@g.com
[07-21-2024 20:33:57] ### [GENERAL] Database found: test1
[07-21-2024 20:34:24] ### [GENERAL] Database found: test1
[07-21-2024 20:34:42] ### [GENERAL] Invalid SELECT query: select * from student
[07-21-2024 20:34:56] ### [GENERAL] Invalid choice in user menu by: s@g.com
[07-21-2024 20:35:03] ### [GENERAL] Invalid SELECT query: select id from student 
[07-21-2024 20:35:19] ### [GENERAL] Invalid choice in user menu by: s@g.com
[07-21-2024 20:35:26] ### [GENERAL] Unsupported query type: v
[07-21-2024 20:35:59] ### [GENERAL] Invalid SELECT query: select id from student where name = Mirza
[07-21-2024 20:43:10] ### [GENERAL] Application started.
[07-21-2024 20:43:10] ### [GENERAL] Data directory verified/created successfully.
[07-21-2024 20:43:36] ### [GENERAL] User menu accessed by: s@g.com
[07-21-2024 20:43:41] ### [GENERAL] Database found: test1
[07-21-2024 20:44:29] ### [GENERAL] Invalid choice in user menu by: s@g.com
[07-21-2024 20:44:43] ### [GENERAL] Invalid choice in user menu by: s@g.com
[07-21-2024 20:45:29] ### [GENERAL] Invalid SELECT query: SELECT name FROM student WHERE id = 1
[07-21-2024 20:45:36] ### [GENERAL] Invalid SELECT query: SELECT name FROM student WHERE id = 1
[07-21-2024 20:48:28] ### [GENERAL] Application started.
[07-21-2024 20:48:28] ### [GENERAL] Data directory verified/created successfully.
[07-21-2024 20:48:51] ### [GENERAL] User menu accessed by: s@g.com
[07-21-2024 20:48:56] ### [GENERAL] Database found: test1
[07-21-2024 20:50:05] ### [GENERAL] Invalid SELECT query: SELECT name FROM student WHERE id = 1;
[07-21-2024 20:50:28] ### [GENERAL] Invalid SELECT query: SELECT name FROM student WHERE id = 1;
[07-21-2024 20:50:33] ### [GENERAL] Application started.
[07-21-2024 20:50:33] ### [GENERAL] Data directory verified/created successfully.
[07-21-2024 20:50:43] ### [GENERAL] User menu accessed by: s@g.com
[07-21-2024 20:50:50] ### [GENERAL] Database found: test1
[07-21-2024 20:50:55] ### [GENERAL] Invalid SELECT query: SELECT name FROM student WHERE id = 1;
[07-21-2024 20:51:08] ### [GENERAL] Application started.
[07-21-2024 20:51:08] ### [GENERAL] Data directory verified/created successfully.
[07-21-2024 20:51:16] ### [GENERAL] User menu accessed by: s@g.com
[07-21-2024 20:51:20] ### [GENERAL] Database found: test1
[07-21-2024 20:52:33] ### [GENERAL] Invalid SELECT query: SELECT name FROM student WHERE id = 1;
[07-21-2024 20:54:02] ### [GENERAL] Invalid SELECT query: SELECT name FROM student WHERE id = 1;
[07-21-2024 20:54:02] ### [GENERAL] Invalid choice in user menu by: s@g.com
[07-21-2024 20:54:14] ### [GENERAL] Application started.
[07-21-2024 20:54:14] ### [GENERAL] Data directory verified/created successfully.
[07-21-2024 20:54:22] ### [GENERAL] User menu accessed by: s@g.com
[07-21-2024 20:54:28] ### [GENERAL] Database found: test1
[07-21-2024 20:54:35] ### [GENERAL] Invalid SELECT query: SELECT name FROM student WHERE id = 1
[07-21-2024 20:58:05] ### [GENERAL] Application started.
[07-21-2024 20:58:05] ### [GENERAL] Data directory verified/created successfully.
[07-21-2024 20:58:14] ### [GENERAL] User menu accessed by: s@g.com
[07-21-2024 20:58:19] ### [GENERAL] Database found: test1
[07-21-2024 20:58:34] ### [GENERAL] Invalid choice in user menu by: s@g.com
